0	09:22:43.241	Custom indicator ATR US30,Daily: loaded successfully
0	09:22:43.261	ATR US30,Daily: initialized
0	09:22:52.312	ATR US30,Daily: uninit reason 3
0	09:22:52.333	ATR US30,M1: initialized
0	09:23:55.143	ATR US30,M1: uninit reason 3
0	09:23:55.149	ATR US30,M5: initialized
0	09:24:18.713	ATR US30,M5: uninit reason 3
0	09:24:18.721	ATR US30,M15: initialized
0	09:25:20.959	ATR US30,M15: uninit reason 3
0	09:25:20.963	ATR US30,M1: initialized
0	09:25:32.487	ATR US30,M1: uninit reason 3
0	09:25:32.488	ATR US30,M5: initialized
0	09:32:08.052	ATR US30,M5: uninit reason 3
0	09:32:08.055	ATR US30,M1: initialized
0	09:32:19.852	ATR US30,M1: uninit reason 3
0	09:32:19.852	ATR US30,M5: initialized
0	09:32:26.982	ATR US30,M5: uninit reason 3
0	09:32:26.985	ATR US30,M30: initialized
0	09:32:36.347	ATR US30,M30: uninit reason 3
0	09:32:36.348	ATR US30,M5: initialized
0	09:32:47.652	ATR US30,M5: uninit reason 3
0	09:32:47.652	ATR US30,M15: initialized
0	09:32:48.124	ATR US30,M15: uninit reason 3
0	09:32:48.124	ATR US30,M30: initialized
0	09:33:43.571	ATR US30,M30: uninit reason 3
0	09:33:43.575	ATR US30,M1: initialized
0	09:38:17.842	ATR US30,M1: uninit reason 3
0	09:38:17.842	ATR US30,M5: initialized
0	09:38:23.162	ATR US30,M5: uninit reason 3
0	09:38:23.162	ATR US30,M15: initialized
0	09:38:41.842	ATR US30,M15: uninit reason 3
0	09:38:41.845	ATR US30,M1: initialized
0	09:45:04.215	ATR US30,M1: uninit reason 3
0	09:45:04.216	ATR US30,M5: initialized
0	09:45:06.790	ATR US30,M5: uninit reason 3
0	09:45:06.791	ATR US30,M30: initialized
0	09:46:02.622	ATR US30,M30: uninit reason 3
0	09:46:02.622	ATR US30,M15: initialized
0	09:46:05.398	ATR US30,M15: uninit reason 3
0	09:46:05.399	ATR US30,M5: initialized
0	09:46:08.703	ATR US30,M5: uninit reason 3
0	09:46:08.705	ATR US30,M1: initialized
0	09:47:58.453	ATR US30,M1: uninit reason 3
0	09:47:58.454	ATR US30,M5: initialized
0	09:48:00.463	ATR US30,M5: uninit reason 3
0	09:48:00.464	ATR US30,M1: initialized
0	09:48:15.013	ATR US30,M1: uninit reason 3
0	09:48:15.014	ATR US30,M15: initialized
0	09:53:59.891	ATR US30,M15: uninit reason 3
0	09:53:59.894	ATR US30,M1: initialized
0	09:54:44.891	ATR US30,M1: uninit reason 3
0	09:54:44.892	ATR US30,M5: initialized
0	09:54:49.746	ATR US30,M5: uninit reason 3
0	09:54:49.746	ATR US30,M1: initialized
0	09:55:44.298	ATR US30,M1: uninit reason 3
0	09:55:44.300	ATR US30,M5: initialized
0	09:55:48.163	ATR US30,M5: uninit reason 3
0	09:55:48.163	ATR US30,M15: initialized
0	10:01:40.497	ATR US30,M15: uninit reason 3
0	10:01:40.500	ATR US30,M1: initialized
0	10:01:44.384	ATR US30,M1: uninit reason 3
0	10:01:44.384	ATR US30,M5: initialized
0	10:01:53.392	ATR US30,M5: uninit reason 3
0	10:01:53.392	ATR US30,M15: initialized
0	10:01:56.544	ATR US30,M15: uninit reason 3
0	10:01:56.548	ATR US30,M1: initialized
0	10:02:08.685	ATR US30,M1: uninit reason 3
0	10:02:08.686	ATR US30,M30: initialized
0	10:02:10.192	ATR US30,M30: uninit reason 3
0	10:02:10.192	ATR US30,M15: initialized
0	10:03:32.975	ATR US30,M15: uninit reason 3
0	10:03:32.979	ATR US30,M1: initialized
0	10:03:36.714	ATR US30,M1: uninit reason 3
0	10:03:36.714	ATR US30,M15: initialized
0	10:03:43.183	ATR US30,M15: uninit reason 3
0	10:03:43.183	ATR US30,M30: initialized
0	10:03:44.879	ATR US30,M30: uninit reason 3
0	10:03:44.881	ATR US30,H1: initialized
0	10:03:45.927	ATR US30,H1: uninit reason 3
0	10:03:45.927	ATR US30,M30: initialized
0	10:03:46.615	ATR US30,M30: uninit reason 3
0	10:03:46.615	ATR US30,M15: initialized
0	10:03:47.079	ATR US30,M15: uninit reason 3
0	10:03:47.080	ATR US30,M5: initialized
0	10:03:54.407	ATR US30,M5: uninit reason 3
0	10:03:54.407	ATR US30,M15: initialized
0	10:03:57.159	ATR US30,M15: uninit reason 3
0	10:03:57.159	ATR US30,M30: initialized
0	10:04:00.823	ATR US30,M30: uninit reason 3
0	10:04:00.823	ATR US30,M5: initialized
0	10:04:04.342	ATR US30,M5: uninit reason 3
0	10:04:04.342	ATR US30,M30: initialized
0	10:04:10.815	ATR US30,M30: uninit reason 3
0	10:04:10.815	ATR US30,M5: initialized
0	10:04:17.823	ATR US30,M5: uninit reason 3
0	10:04:17.826	ATR US30,M1: initialized
0	10:08:54.749	ATR US30,M1: uninit reason 3
0	10:08:54.750	ATR US30,M5: initialized
0	10:08:55.821	ATR US30,M5: uninit reason 3
0	10:08:55.821	ATR US30,M15: initialized
0	10:08:59.284	ATR US30,M15: uninit reason 3
0	10:08:59.285	ATR US30,M1: initialized
0	10:09:01.260	ATR US30,M1: uninit reason 3
0	10:09:01.261	ATR US30,M5: initialized
0	10:09:04.964	ATR US30,M5: uninit reason 3
0	10:09:04.965	ATR US30,M1: initialized
0	10:13:26.802	ATR US30,M1: uninit reason 3
0	10:13:26.803	ATR US30,M5: initialized
0	10:13:33.603	ATR US30,M5: uninit reason 3
0	10:13:33.604	ATR US30,M15: initialized
0	10:13:35.387	ATR US30,M15: uninit reason 3
0	10:13:35.387	ATR US30,M30: initialized
0	10:13:36.763	ATR US30,M30: uninit reason 3
0	10:13:36.763	ATR US30,H1: initialized
0	10:13:38.154	ATR US30,H1: uninit reason 3
0	10:13:38.156	ATR US30,H4: initialized
0	10:13:45.842	ATR US30,H4: uninit reason 3
0	10:13:45.843	ATR US30,M5: initialized
0	10:17:41.321	ATR US30,M5: uninit reason 3
0	10:17:41.324	ATR US30,M1: initialized
0	10:17:46.369	ATR US30,M1: uninit reason 3
0	10:17:46.369	ATR US30,M5: initialized
0	10:17:52.233	ATR US30,M5: uninit reason 3
0	10:17:52.234	ATR US30,M15: initialized
0	10:17:55.593	ATR US30,M15: uninit reason 3
0	10:17:55.594	ATR US30,M1: initialized
0	10:25:29.591	ATR US30,M1: uninit reason 3
0	10:25:29.592	ATR US30,M15: initialized
0	10:25:32.718	ATR US30,M15: uninit reason 3
0	10:25:32.718	ATR US30,M1: initialized
0	10:25:34.437	ATR US30,M1: uninit reason 3
0	10:25:34.438	ATR US30,M5: initialized
0	10:25:37.869	ATR US30,M5: uninit reason 3
0	10:25:37.869	ATR US30,M15: initialized
0	10:36:22.009	ATR US30,M15: uninit reason 3
0	10:36:22.012	ATR US30,M1: initialized
0	10:36:29.664	ATR US30,M1: uninit reason 3
0	10:36:29.665	ATR US30,M5: initialized
0	10:37:51.352	ATR US30,M5: uninit reason 3
0	10:37:51.355	ATR US30,M1: initialized
0	10:55:51.713	ATR US30,M1: uninit reason 3
0	10:55:51.714	ATR US30,M5: initialized
0	10:55:53.977	ATR US30,M5: uninit reason 3
0	10:55:53.977	ATR US30,M15: initialized
0	10:55:59.192	ATR US30,M15: uninit reason 3
0	10:55:59.193	ATR US30,M30: initialized
0	10:56:00.506	ATR US30,M30: uninit reason 3
0	10:56:00.506	ATR US30,M15: initialized
0	10:56:01.376	ATR US30,M15: uninit reason 3
0	10:56:01.377	ATR US30,M5: initialized
0	10:56:04.257	ATR US30,M5: uninit reason 3
0	10:56:04.259	ATR US30,M1: initialized
0	10:56:04.810	ATR US30,M1: uninit reason 3
0	10:56:04.810	ATR US30,M5: initialized
0	10:56:06.945	ATR US30,M5: uninit reason 3
0	10:56:06.945	ATR US30,M1: initialized
0	11:03:56.742	ATR US30,M1: uninit reason 3
0	11:03:56.742	ATR US30,M5: initialized
0	11:03:59.150	ATR US30,M5: uninit reason 3
0	11:03:59.150	ATR US30,M15: initialized
0	11:46:24.115	ATR US30,M15: uninit reason 3
0	11:46:24.135	ATR US30,M1: initialized
0	11:50:35.018	ATR US30,M1: uninit reason 3
0	11:50:35.025	ATR US30,M5: initialized
0	11:52:26.073	ATR US30,M5: uninit reason 3
0	11:52:26.076	ATR US30,M1: initialized
0	11:52:30.304	ATR US30,M1: uninit reason 3
0	11:52:30.305	ATR US30,M5: initialized
0	11:52:31.024	ATR US30,M5: uninit reason 3
0	11:52:31.025	ATR US30,M15: initialized
0	11:52:33.088	ATR US30,M15: uninit reason 3
0	11:52:33.092	ATR US30,M30: initialized
0	11:52:34.875	ATR US30,M30: uninit reason 3
0	11:52:34.878	ATR US30,H1: initialized
0	11:52:35.449	ATR US30,H1: uninit reason 3
0	11:52:35.451	ATR US30,H4: initialized
0	11:52:37.609	ATR US30,H4: uninit reason 3
0	11:52:37.609	ATR US30,Daily: initialized
0	11:52:50.072	ATR US30,Daily: uninit reason 3
0	11:52:50.077	ATR US30,Weekly: initialized
0	11:52:51.569	ATR US30,Weekly: uninit reason 3
0	11:52:51.570	ATR US30,Monthly: initialized
0	11:52:53.518	ATR US30,Monthly: uninit reason 3
0	11:52:53.518	ATR US30,Weekly: initialized
0	11:52:54.017	ATR US30,Weekly: uninit reason 3
0	11:52:54.017	ATR US30,Daily: initialized
0	11:52:54.889	ATR US30,Daily: uninit reason 3
0	11:52:54.889	ATR US30,H4: initialized
0	11:52:56.825	ATR US30,H4: uninit reason 3
0	11:52:56.825	ATR US30,H1: initialized
0	11:52:57.401	ATR US30,H1: uninit reason 3
0	11:52:57.401	ATR US30,M30: initialized
0	11:52:58.696	ATR US30,M30: uninit reason 3
0	11:52:58.699	ATR US30,M1: initialized
0	12:29:38.017	ATR US30,M1: uninit reason 3
0	12:29:38.024	ATR US30,M5: initialized
0	12:29:53.539	ATR US30,M5: uninit reason 3
0	12:29:53.542	ATR US30,M1: initialized
0	12:38:31.021	ATR US30,M1: uninit reason 3
0	12:38:31.022	ATR US30,M5: initialized
0	12:38:37.102	ATR US30,M5: uninit reason 3
0	12:38:37.105	ATR US30,M15: initialized
0	12:38:49.589	ATR US30,M15: uninit reason 3
0	12:38:49.592	ATR US30,M30: initialized
0	12:38:53.083	ATR US30,M30: uninit reason 3
0	12:38:53.083	ATR US30,M15: initialized
0	12:38:59.213	ATR US30,M15: uninit reason 3
0	12:38:59.214	ATR US30,M5: initialized
0	12:39:02.085	ATR US30,M5: uninit reason 3
0	12:39:02.088	ATR US30,M1: initialized
0	12:54:29.770	Compiling 'ADV_Start_End_Time_iSAR_M1_v001'
0	12:54:33.992	Compiling 'iSAR_v001'
0	13:25:14.986	ATR US30,M1: uninit reason 3
0	13:25:14.986	ATR US30,M30: initialized
0	13:40:18.003	ATR US30,M30: uninit reason 3
0	13:40:18.003	ATR US30,M1: initialized
0	13:42:37.178	ATR US30,M1: uninit reason 3
0	13:42:37.178	ATR US30,M5: initialized
0	13:42:41.537	ATR US30,M5: uninit reason 3
0	13:42:41.537	ATR US30,M15: initialized
0	13:42:43.955	ATR US30,M15: uninit reason 3
0	13:42:43.955	ATR US30,M5: initialized
0	13:42:48.306	ATR US30,M5: uninit reason 3
0	13:42:48.306	ATR US30,M15: initialized
0	13:57:56.772	ATR US30,M15: uninit reason 3
0	13:57:56.775	ATR US30,M30: initialized
0	14:42:39.856	ATR US30,M30: uninit reason 3
0	14:42:39.856	ATR US30,M15: initialized
0	14:50:05.630	ATR US30,M15: uninit reason 3
0	14:50:05.630	ATR US30,M1: initialized
0	14:50:28.493	ATR US30,M1: uninit reason 3
0	14:50:28.496	ATR US30,M30: initialized
0	14:50:39.657	ATR US30,M30: uninit reason 9
0	14:50:39.752	Custom indicator ATR US30,M30: removed
0	14:55:05.115	Custom indicator ATR US30,M30: loaded successfully
0	14:55:05.135	ATR US30,M30: initialized
0	14:55:42.667	ATR US30,M30: uninit reason 3
0	14:55:42.667	ATR US30,M15: initialized
0	14:56:33.208	ATR US30,M15: uninit reason 9
0	14:56:33.335	Custom indicator ATR US30,M15: removed
0	15:02:29.208	Custom indicator ATR US30,M15: loaded successfully
0	15:02:29.228	ATR US30,M15: initialized
0	16:19:31.258	ATR US30,M15: uninit reason 3
0	16:19:31.273	ATR US30,M30: initialized
0	16:19:54.866	ATR US30,M30: uninit reason 9
0	16:19:54.871	Custom indicator ATR US30,M30: removed
0	17:08:55.730	Expert ADV_Start_End_Time_iSAR_M1_v101 EURUSD,H1: loaded successfully
0	17:08:58.129	ADV_Start_End_Time_iSAR_M1_v101 EURUSD,H1 inputs: Lots=1.0; step=0.02; maximum=0.2; StartTime1=100000; EndTime1=100000; StartTime2=100000; EndTime2=100000; StartTime3=100000; EndTime3=100000; TrailingStop=500.0; StopLoss=500.0; profit=0.0; startHtime=10; 
0	17:08:58.197	ADV_Start_End_Time_iSAR_M1_v101 EURUSD,H1: initialized
0	17:08:58.197	ADV_Start_End_Time_iSAR_M1_v101 EURUSD,H1: isarV0=11
0	17:08:58.198	ADV_Start_End_Time_iSAR_M1_v101 EURUSD,H1: isarV0=1.22515657
0	17:08:58.198	ADV_Start_End_Time_iSAR_M1_v101 EURUSD,H1:  profit == 0
0	17:08:58.198	ADV_Start_End_Time_iSAR_M1_v101 EURUSD,H1:  lot == 1
3	17:08:58.198	ADV_Start_End_Time_iSAR_M1_v101 EURUSD,H1: invalid price 1.22515657 for OrderSend function
0	17:08:58.198	ADV_Start_End_Time_iSAR_M1_v101 EURUSD,H1:  AdvOrderSend ERROR (4107): invalid price parameter for trade function
0	17:08:59.042	ADV_Start_End_Time_iSAR_M1_v101 EURUSD,H1: isarV0=11
0	17:08:59.042	ADV_Start_End_Time_iSAR_M1_v101 EURUSD,H1: isarV0=1.22515657
0	17:08:59.042	ADV_Start_End_Time_iSAR_M1_v101 EURUSD,H1:  profit == 0
0	17:08:59.042	ADV_Start_End_Time_iSAR_M1_v101 EURUSD,H1:  lot == 1
3	17:08:59.042	ADV_Start_End_Time_iSAR_M1_v101 EURUSD,H1: invalid price 1.22515657 for OrderSend function
0	17:08:59.042	ADV_Start_End_Time_iSAR_M1_v101 EURUSD,H1:  AdvOrderSend ERROR (4107): invalid price parameter for trade function
0	17:08:59.168	ADV_Start_End_Time_iSAR_M1_v101 EURUSD,H1: isarV0=11
0	17:08:59.169	ADV_Start_End_Time_iSAR_M1_v101 EURUSD,H1: isarV0=1.22515657
0	17:08:59.169	ADV_Start_End_Time_iSAR_M1_v101 EURUSD,H1:  profit == 0
0	17:08:59.169	ADV_Start_End_Time_iSAR_M1_v101 EURUSD,H1:  lot == 1
3	17:08:59.169	ADV_Start_End_Time_iSAR_M1_v101 EURUSD,H1: invalid price 1.22515657 for OrderSend function
0	17:08:59.169	ADV_Start_End_Time_iSAR_M1_v101 EURUSD,H1:  AdvOrderSend ERROR (4107): invalid price parameter for trade function
0	17:09:01.380	ADV_Start_End_Time_iSAR_M1_v101 EURUSD,H1: isarV0=11
0	17:09:01.380	ADV_Start_End_Time_iSAR_M1_v101 EURUSD,H1: isarV0=1.22515657
0	17:09:01.380	ADV_Start_End_Time_iSAR_M1_v101 EURUSD,H1:  profit == 0
0	17:09:01.380	ADV_Start_End_Time_iSAR_M1_v101 EURUSD,H1:  lot == 1
3	17:09:01.380	ADV_Start_End_Time_iSAR_M1_v101 EURUSD,H1: invalid price 1.22515657 for OrderSend function
0	17:09:01.380	ADV_Start_End_Time_iSAR_M1_v101 EURUSD,H1:  AdvOrderSend ERROR (4107): invalid price parameter for trade function
0	17:09:01.553	ADV_Start_End_Time_iSAR_M1_v101 EURUSD,H1: isarV0=11
0	17:09:01.553	ADV_Start_End_Time_iSAR_M1_v101 EURUSD,H1: isarV0=1.22515657
0	17:09:01.553	ADV_Start_End_Time_iSAR_M1_v101 EURUSD,H1:  profit == 0
0	17:09:01.553	ADV_Start_End_Time_iSAR_M1_v101 EURUSD,H1:  lot == 1
3	17:09:01.553	ADV_Start_End_Time_iSAR_M1_v101 EURUSD,H1: invalid price 1.22515657 for OrderSend function
0	17:09:01.553	ADV_Start_End_Time_iSAR_M1_v101 EURUSD,H1:  AdvOrderSend ERROR (4107): invalid price parameter for trade function
0	17:09:01.850	ADV_Start_End_Time_iSAR_M1_v101 EURUSD,H1: isarV0=11
0	17:09:01.850	ADV_Start_End_Time_iSAR_M1_v101 EURUSD,H1: isarV0=1.22515657
0	17:09:01.850	ADV_Start_End_Time_iSAR_M1_v101 EURUSD,H1:  profit == 0
0	17:09:01.850	ADV_Start_End_Time_iSAR_M1_v101 EURUSD,H1:  lot == 1
3	17:09:01.850	ADV_Start_End_Time_iSAR_M1_v101 EURUSD,H1: invalid price 1.22515657 for OrderSend function
0	17:09:01.850	ADV_Start_End_Time_iSAR_M1_v101 EURUSD,H1:  AdvOrderSend ERROR (4107): invalid price parameter for trade function
0	17:09:01.944	ADV_Start_End_Time_iSAR_M1_v101 EURUSD,H1: isarV0=11
0	17:09:01.944	ADV_Start_End_Time_iSAR_M1_v101 EURUSD,H1: isarV0=1.22515657
0	17:09:01.944	ADV_Start_End_Time_iSAR_M1_v101 EURUSD,H1:  profit == 0
0	17:09:01.944	ADV_Start_End_Time_iSAR_M1_v101 EURUSD,H1:  lot == 1
3	17:09:01.944	ADV_Start_End_Time_iSAR_M1_v101 EURUSD,H1: invalid price 1.22515657 for OrderSend function
0	17:09:01.944	ADV_Start_End_Time_iSAR_M1_v101 EURUSD,H1:  AdvOrderSend ERROR (4107): invalid price parameter for trade function
0	17:09:02.754	ADV_Start_End_Time_iSAR_M1_v101 EURUSD,H1: isarV0=11
0	17:09:02.754	ADV_Start_End_Time_iSAR_M1_v101 EURUSD,H1: isarV0=1.22515657
0	17:09:02.754	ADV_Start_End_Time_iSAR_M1_v101 EURUSD,H1:  profit == 0
0	17:09:02.754	ADV_Start_End_Time_iSAR_M1_v101 EURUSD,H1:  lot == 1
3	17:09:02.754	ADV_Start_End_Time_iSAR_M1_v101 EURUSD,H1: invalid price 1.22515657 for OrderSend function
0	17:09:02.754	ADV_Start_End_Time_iSAR_M1_v101 EURUSD,H1:  AdvOrderSend ERROR (4107): invalid price parameter for trade function
0	17:09:02.847	ADV_Start_End_Time_iSAR_M1_v101 EURUSD,H1: isarV0=11
0	17:09:02.847	ADV_Start_End_Time_iSAR_M1_v101 EURUSD,H1: isarV0=1.22515657
0	17:09:02.847	ADV_Start_End_Time_iSAR_M1_v101 EURUSD,H1:  profit == 0
0	17:09:02.847	ADV_Start_End_Time_iSAR_M1_v101 EURUSD,H1:  lot == 1
3	17:09:02.847	ADV_Start_End_Time_iSAR_M1_v101 EURUSD,H1: invalid price 1.22515657 for OrderSend function
0	17:09:02.847	ADV_Start_End_Time_iSAR_M1_v101 EURUSD,H1:  AdvOrderSend ERROR (4107): invalid price parameter for trade function
0	17:09:03.031	ADV_Start_End_Time_iSAR_M1_v101 EURUSD,H1: uninit reason 4
0	17:09:03.072	Expert ADV_Start_End_Time_iSAR_M1_v101 EURUSD,H1: removed
0	18:22:28.975	Compiling 'ADV_Start_End_Time_iSAR_M1_STOP_v101'
3	18:23:55.718	cannot open file 'C:\Program Files (x86)\FXCM MetaTrader 4\MQL4\Experts\ADV_Start_End_Time_iSAR_M1_v101.ex4' [2]
3	18:24:01.363	cannot open file 'C:\Program Files (x86)\FXCM MetaTrader 4\MQL4\Experts\ADV_Start_End_Time_iSAR_M1_v101.ex4' [2]
0	18:24:04.092	Automated trading disabled
3	18:24:23.829	cannot open file 'C:\Program Files (x86)\FXCM MetaTrader 4\MQL4\Experts\ADV_Start_End_Time_iSAR_M1_v101.ex4' [2]
3	18:24:33.024	cannot open file 'C:\Program Files (x86)\FXCM MetaTrader 4\MQL4\Experts\ADV_Start_End_Time_iSAR_M1_v101.ex4' [2]
3	18:24:42.708	cannot open file 'C:\Program Files (x86)\FXCM MetaTrader 4\MQL4\Experts\ADV_Start_End_Time_iSAR_M1_v101.ex4' [2]
0	18:24:44.872	Expert ADV_stakeout_v001 US30,M15: loaded successfully
0	18:24:47.358	Expert ADV_stakeout_v001 US30,M15: removed
3	18:24:48.725	cannot open file 'C:\Program Files (x86)\FXCM MetaTrader 4\MQL4\Experts\ADV_Start_End_Time_iSAR_M1_v101.ex4' [2]
0	18:24:53.930	Expert ADV_Start_End_Time_iSAR_M1_STOP_v101 US30,M15: loaded successfully
0	18:24:55.095	Expert ADV_Start_End_Time_iSAR_M1_STOP_v101 US30,M15: removed
3	18:24:59.957	cannot open file 'C:\Program Files (x86)\FXCM MetaTrader 4\MQL4\Experts\ADV_Start_End_Time_iSAR_M1_v101.ex4' [2]
3	18:25:20.572	cannot open file 'C:\Program Files (x86)\FXCM MetaTrader 4\MQL4\Experts\ADV_Start_End_Time_iSAR_M1_v101.ex4' [2]
3	18:25:31.572	cannot open file 'C:\Program Files (x86)\FXCM MetaTrader 4\MQL4\Experts\ADV_Start_End_Time_iSAR_M1_v101.ex4' [2]
0	18:25:34.355	Automated trading enabled
3	18:25:37.404	cannot open file 'C:\Program Files (x86)\FXCM MetaTrader 4\MQL4\Experts\ADV_Start_End_Time_iSAR_M1_v101.ex4' [2]
3	18:25:46.132	cannot open file 'C:\Program Files (x86)\FXCM MetaTrader 4\MQL4\Experts\ADV_Start_End_Time_iSAR_M1_v101.ex4' [2]
3	18:26:35.428	cannot open file 'C:\Program Files (x86)\FXCM MetaTrader 4\MQL4\Experts\ADV_Start_End_Time_iSAR_M1_v101.ex4' [2]
0	18:26:40.934	Expert ADV_AUDUSD_D_v01  US30,M15: loaded successfully
0	18:26:43.118	Expert ADV_AUDUSD_D_v01  US30,M15: removed
0	18:26:45.315	Expert ADV_Start_End_Time_iSAR_M1_v001 US30,M15: loaded successfully
0	18:26:47.403	Expert ADV_Start_End_Time_iSAR_M1_v001 US30,M15: removed
3	18:26:50.188	cannot open file 'C:\Program Files (x86)\FXCM MetaTrader 4\MQL4\Experts\ADV_Start_End_Time_iSAR_M1_v101.ex4' [2]
0	18:27:02.810	Compiling 'ADV_Start_End_Time_iSAR_M1_v101'
3	18:27:13.580	cannot open file 'C:\Program Files (x86)\FXCM MetaTrader 4\MQL4\Experts\ADV_Start_End_Time_iSAR_M1_v101.ex4' [2]
3	18:27:29.283	cannot open file 'C:\Program Files (x86)\FXCM MetaTrader 4\MQL4\Experts\ADV_Start_End_Time_iSAR_M1_v101.ex4' [2]
3	18:27:31.218	cannot open file 'C:\Program Files (x86)\FXCM MetaTrader 4\MQL4\Experts\ADV_Start_End_Time_iSAR_M1_v101.ex4' [2]
3	18:27:32.163	cannot open file 'C:\Program Files (x86)\FXCM MetaTrader 4\MQL4\Experts\ADV_Start_End_Time_iSAR_M1_v101.ex4' [2]
3	18:27:33.058	cannot open file 'C:\Program Files (x86)\FXCM MetaTrader 4\MQL4\Experts\ADV_Start_End_Time_iSAR_M1_v101.ex4' [2]
