0	14:38:48.318	Custom indicator ATR US30,Daily: loaded successfully
0	14:38:49.539	Custom indicator ATR US30,Daily: removed
0	14:38:50.972	Custom indicator ATR US30,Daily: loaded successfully
0	14:38:52.156	ATR US30,Daily: initialized
0	14:39:04.221	ATR US30,Daily: uninit reason 3
0	14:39:04.227	ATR US30,H4: initialized
0	14:39:05.499	ATR US30,H4: uninit reason 3
0	14:39:05.500	ATR US30,M30: initialized
0	14:39:06.707	ATR US30,M30: uninit reason 3
0	14:39:06.711	ATR US30,M1: initialized
0	14:39:11.805	ATR US30,M1: uninit reason 3
0	14:39:11.806	ATR US30,M5: initialized
0	14:39:30.204	ATR US30,M5: uninit reason 3
0	14:39:30.204	ATR US30,M15: initialized
0	14:47:05.624	ATR US30,M15: uninit reason 3
0	14:47:05.627	ATR US30,M1: initialized
0	14:57:10.869	ATR US30,M1: uninit reason 3
0	14:57:10.870	ATR US30,Weekly: initialized
0	14:57:11.468	ATR US30,Weekly: uninit reason 3
0	14:57:11.468	ATR US30,Daily: initialized
0	14:57:21.916	ATR US30,Daily: uninit reason 3
0	14:57:21.917	ATR US30,Monthly: initialized
0	16:13:58.363	ATR US30,Monthly: uninit reason 3
0	16:13:58.365	ATR US30,Daily: initialized
0	16:14:43.827	ATR US30,Daily: uninit reason 3
0	16:14:43.830	ATR US30,Weekly: initialized
0	16:14:46.412	ATR US30,Weekly: uninit reason 3
0	16:14:46.412	ATR US30,Monthly: initialized
0	16:14:49.579	ATR US30,Monthly: uninit reason 3
0	16:14:49.579	ATR US30,Weekly: initialized
0	16:14:55.251	ATR US30,Weekly: uninit reason 3
0	16:14:55.251	ATR US30,Daily: initialized
0	16:23:44.311	ATR US30,Daily: uninit reason 3
0	16:23:44.312	ATR US30,Monthly: initialized
0	16:24:07.376	ATR US30,Monthly: uninit reason 3
0	16:24:07.376	ATR US30,Daily: initialized
0	17:01:24.201	ATR US30,Daily: uninit reason 9
0	17:01:24.276	Custom indicator ATR US30,Daily: removed
